#0 building with "desktop-linux" instance using docker driver

#1 [internal] load build definition from Dockerfile
#1 transferring dockerfile: 481B done
#1 DONE 0.0s

#2 [internal] load metadata for docker.io/library/openjdk:17-jdk-alpine
#2 DONE 0.0s

#3 [internal] load .dockerignore
#3 transferring context: 2B done
#3 DONE 0.0s

#4 [1/3] FROM docker.io/library/openjdk:17-jdk-alpine
#4 DONE 0.0s

#5 [internal] load build context
#5 transferring context: 61.02MB 0.9s done
#5 DONE 1.0s

#6 [2/3] WORKDIR /app
#6 CACHED

#7 [3/3] COPY build/libs/leviOMSOrder-0.0.1-SNAPSHOT.jar app.jar
#7 DONE 22.4s

#8 exporting to image
#8 exporting layers
#8 exporting layers 0.7s done
#8 writing image sha256:d4ed74ecbae91c941b4f1773003f24706a78dad881c3f45a566dab9e780b8d20 0.0s done
#8 naming to docker.io/library/pubsub-cloudrun-app 0.1s done
#8 DONE 1.0s
